<?xml version="1.0" encoding="UTF-8"?>
<testng-results skipped="0" failed="0" total="2" passed="2">
  <reporter-output>
  </reporter-output>
  <suite name="Default Suite" duration-ms="35603" started-at="2018-01-27T12:31:22Z" finished-at="2018-01-27T12:31:57Z">
    <groups>
    </groups>
    <test name="FreeCRMTest" duration-ms="35603" started-at="2018-01-27T12:31:22Z" finished-at="2018-01-27T12:31:57Z">
      <class name="com.crm.qa.testcases.HomePageTest">
        <test-method status="PASS" signature="setUp()[pri:0, instance:com.crm.qa.testcases.HomePageTest@60addb54]" name="setUp" is-config="true" duration-ms="18363" started-at="2018-01-27T14:31:22Z" finished-at="2018-01-27T14:31:40Z">
          <reporter-output>
          </reporter-output>
        </test-method> <!-- setUp -->
        <test-method status="PASS" signature="verifyHomePageTitle()[pri:1, instance:com.crm.qa.testcases.HomePageTest@60addb54]" name="verifyHomePageTitle" duration-ms="17" started-at="2018-01-27T14:31:40Z" finished-at="2018-01-27T14:31:40Z">
          <reporter-output>
          </reporter-output>
        </test-method> <!-- verifyHomePageTitle -->
        <test-method status="PASS" signature="tearDown()[pri:0, instance:com.crm.qa.testcases.HomePageTest@60addb54]" name="tearDown" is-config="true" duration-ms="907" started-at="2018-01-27T14:31:40Z" finished-at="2018-01-27T14:31:41Z">
          <reporter-output>
          </reporter-output>
        </test-method> <!-- tearDown -->
        <test-method status="PASS" signature="setUp()[pri:0, instance:com.crm.qa.testcases.HomePageTest@60addb54]" name="setUp" is-config="true" duration-ms="15307" started-at="2018-01-27T14:31:41Z" finished-at="2018-01-27T14:31:56Z">
          <reporter-output>
          </reporter-output>
        </test-method> <!-- setUp -->
        <test-method status="PASS" signature="verifyUserNameOnHomePage()[pri:2, instance:com.crm.qa.testcases.HomePageTest@60addb54]" name="verifyUserNameOnHomePage" duration-ms="84" started-at="2018-01-27T14:31:56Z" finished-at="2018-01-27T14:31:56Z">
          <reporter-output>
          </reporter-output>
        </test-method> <!-- verifyUserNameOnHomePage -->
        <test-method status="PASS" signature="tearDown()[pri:0, instance:com.crm.qa.testcases.HomePageTest@60addb54]" name="tearDown" is-config="true" duration-ms="896" started-at="2018-01-27T14:31:56Z" finished-at="2018-01-27T14:31:57Z">
          <reporter-output>
          </reporter-output>
        </test-method> <!-- tearDown -->
      </class> <!-- com.crm.qa.testcases.HomePageTest -->
    </test> <!-- FreeCRMTest -->
  </suite> <!-- Default Suite -->
</testng-results>
