<?xml version="1.0" encoding="UTF-8"?>
<!-- Generated by org.testng.reporters.JUnitXMLReporter -->
<testsuite hostname="DESKTOP-HQ8N8LF" name="FreeCRMTest" tests="3" failures="0" timestamp="27 Jan 2018 11:04:03 GMT" time="32.745" errors="0">
  <testcase name="validateLoginPageTitle" time="0.02" classname="com.crm.qa.testcases.LoginPageTest"/>
  <testcase name="crmLogoImageTest" time="0.051" classname="com.crm.qa.testcases.LoginPageTest"/>
  <testcase name="loginTest" time="6.315" classname="com.crm.qa.testcases.LoginPageTest"/>
</testsuite> <!-- FreeCRMTest -->
