<?xml version="1.0" encoding="UTF-8"?>
<testng-results skipped="0" failed="0" total="3" passed="3">
  <reporter-output>
  </reporter-output>
  <suite name="Default Suite" duration-ms="32745" started-at="2018-01-27T11:03:30Z" finished-at="2018-01-27T11:04:03Z">
    <groups>
    </groups>
    <test name="FreeCRMTest" duration-ms="32745" started-at="2018-01-27T11:03:30Z" finished-at="2018-01-27T11:04:03Z">
      <class name="com.crm.qa.testcases.LoginPageTest">
        <test-method status="PASS" signature="setUp()[pri:0, instance:com.crm.qa.testcases.LoginPageTest@60addb54]" name="setUp" is-config="true" duration-ms="8650" started-at="2018-01-27T13:03:30Z" finished-at="2018-01-27T13:03:39Z">
          <reporter-output>
          </reporter-output>
        </test-method> <!-- setUp -->
        <test-method status="PASS" signature="validateLoginPageTitle()[pri:1, instance:com.crm.qa.testcases.LoginPageTest@60addb54]" name="validateLoginPageTitle" duration-ms="20" started-at="2018-01-27T13:03:39Z" finished-at="2018-01-27T13:03:39Z">
          <reporter-output>
          </reporter-output>
        </test-method> <!-- validateLoginPageTitle -->
        <test-method status="PASS" signature="tearDown()[pri:0, instance:com.crm.qa.testcases.LoginPageTest@60addb54]" name="tearDown" is-config="true" duration-ms="983" started-at="2018-01-27T13:03:39Z" finished-at="2018-01-27T13:03:40Z">
          <reporter-output>
          </reporter-output>
        </test-method> <!-- tearDown -->
        <test-method status="PASS" signature="setUp()[pri:0, instance:com.crm.qa.testcases.LoginPageTest@60addb54]" name="setUp" is-config="true" duration-ms="7561" started-at="2018-01-27T13:03:40Z" finished-at="2018-01-27T13:03:47Z">
          <reporter-output>
          </reporter-output>
        </test-method> <!-- setUp -->
        <test-method status="PASS" signature="crmLogoImageTest()[pri:2, instance:com.crm.qa.testcases.LoginPageTest@60addb54]" name="crmLogoImageTest" duration-ms="51" started-at="2018-01-27T13:03:47Z" finished-at="2018-01-27T13:03:47Z">
          <reporter-output>
          </reporter-output>
        </test-method> <!-- crmLogoImageTest -->
        <test-method status="PASS" signature="tearDown()[pri:0, instance:com.crm.qa.testcases.LoginPageTest@60addb54]" name="tearDown" is-config="true" duration-ms="982" started-at="2018-01-27T13:03:47Z" finished-at="2018-01-27T13:03:48Z">
          <reporter-output>
          </reporter-output>
        </test-method> <!-- tearDown -->
        <test-method status="PASS" signature="setUp()[pri:0, instance:com.crm.qa.testcases.LoginPageTest@60addb54]" name="setUp" is-config="true" duration-ms="7113" started-at="2018-01-27T13:03:48Z" finished-at="2018-01-27T13:03:55Z">
          <reporter-output>
          </reporter-output>
        </test-method> <!-- setUp -->
        <test-method status="PASS" signature="loginTest()[pri:3, instance:com.crm.qa.testcases.LoginPageTest@60addb54]" name="loginTest" duration-ms="6315" started-at="2018-01-27T13:03:55Z" finished-at="2018-01-27T13:04:02Z">
          <reporter-output>
          </reporter-output>
        </test-method> <!-- loginTest -->
        <test-method status="PASS" signature="tearDown()[pri:0, instance:com.crm.qa.testcases.LoginPageTest@60addb54]" name="tearDown" is-config="true" duration-ms="1042" started-at="2018-01-27T13:04:02Z" finished-at="2018-01-27T13:04:03Z">
          <reporter-output>
          </reporter-output>
        </test-method> <!-- tearDown -->
      </class> <!-- com.crm.qa.testcases.LoginPageTest -->
    </test> <!-- FreeCRMTest -->
  </suite> <!-- Default Suite -->
</testng-results>
